\BOOKMARK [1][-]{Doc-Start}{Preface}{}% 1
\BOOKMARK [1][-]{section*.1}{Acknowledgment}{}% 2
\BOOKMARK [1][-]{section*.2}{Summary and Conclusions}{}% 3
\BOOKMARK [0][-]{chapter.1}{Introduction}{}% 4
\BOOKMARK [1][-]{section.1.1}{Interpretations}{chapter.1}% 5
\BOOKMARK [1][-]{section.1.2}{Typical Categories of Information}{chapter.1}% 6
\BOOKMARK [2][-]{subsection.1.2.1}{Problem}{section.1.2}% 7
\BOOKMARK [2][-]{subsection.1.2.2}{Periods/Trends}{section.1.2}% 8
\BOOKMARK [2][-]{subsection.1.2.3}{Concepts}{section.1.2}% 9
\BOOKMARK [2][-]{subsection.1.2.4}{Theories}{section.1.2}% 10
\BOOKMARK [0][-]{chapter.2}{Existing Systems}{}% 11
\BOOKMARK [1][-]{section.2.1}{Custom Built Visualiaztions}{chapter.2}% 12
\BOOKMARK [2][-]{subsection.2.1.1}{A PRESIDENTIAL GANTT CHART}{section.2.1}% 13
\BOOKMARK [2][-]{subsection.2.1.2}{Visualizing the History of Civilizations}{section.2.1}% 14
\BOOKMARK [1][-]{section.2.2}{Timeline Based Visualizations}{chapter.2}% 15
\BOOKMARK [2][-]{subsection.2.2.1}{histography.io}{section.2.2}% 16
\BOOKMARK [2][-]{subsection.2.2.2}{Timeline of Historiography and Emperors}{section.2.2}% 17
\BOOKMARK [0][-]{chapter.3}{Proposed System}{}% 18
\BOOKMARK [1][-]{section.3.1}{Application Stack}{chapter.3}% 19
\BOOKMARK [1][-]{section.3.2}{Proposed pages and application screenshots}{chapter.3}% 20
\BOOKMARK [0][-]{chapter.4}{Future Work}{}% 21
\BOOKMARK [1][-]{section.4.1}{Admin section}{chapter.4}% 22
\BOOKMARK [1][-]{section.4.2}{Data Entry Pages}{chapter.4}% 23
\BOOKMARK [1][-]{section.4.3}{Getting More information on Events}{chapter.4}% 24
\BOOKMARK [1][-]{section.4.4}{Comments and Notes on Events}{chapter.4}% 25
\BOOKMARK [1][-]{section.4.5}{Author pages}{chapter.4}% 26
\BOOKMARK [1][-]{section.4.6}{Multimedia Support}{chapter.4}% 27
